  [1m[35m (166.8ms)[0m  [1m[35mCREATE DATABASE "amz_dash_development" ENCODING = 'unicode'[0m
  [1m[35m (41.6ms)[0m  [1m[35mCREATE DATABASE "amz_dash_test" ENCODING = 'unicode'[0m
Started GET "/" for ::1 at 2023-05-25 17:15:46 +0100
Processing by Rails::WelcomeController#index as HTML
  Rendering /Users/antoniogorgulho/.rbenv/versions/3.0.1/lib/ruby/gems/3.0.0/gems/railties-7.0.5/lib/rails/templates/rails/welcome/index.html.erb
  Rendered /Users/antoniogorgulho/.rbenv/versions/3.0.1/lib/ruby/gems/3.0.0/gems/railties-7.0.5/lib/rails/templates/rails/welcome/index.html.erb (Duration: 1.6ms | Allocations: 939)
Completed 200 OK in 16ms (Views: 4.7ms | ActiveRecord: 0.0ms | Allocations: 10763)


Started GET "/serviceworker.js" for ::1 at 2023-05-25 17:15:48 +0100
  
ActionController::RoutingError (No route matches [GET] "/serviceworker.js"):
  
Started GET "/" for ::1 at 2023-05-25 17:21:29 +0100
Processing by Rails::WelcomeController#index as HTML
  Rendering /Users/antoniogorgulho/.rbenv/versions/3.0.1/lib/ruby/gems/3.0.0/gems/railties-7.0.5/lib/rails/templates/rails/welcome/index.html.erb
  Rendered /Users/antoniogorgulho/.rbenv/versions/3.0.1/lib/ruby/gems/3.0.0/gems/railties-7.0.5/lib/rails/templates/rails/welcome/index.html.erb (Duration: 0.9ms | Allocations: 831)
Completed 200 OK in 7ms (Views: 2.3ms | ActiveRecord: 0.0ms | Allocations: 7819)


Started GET "/serviceworker.js" for ::1 at 2023-05-25 17:21:31 +0100
  
ActionController::RoutingError (No route matches [GET] "/serviceworker.js"):
  
  [1m[35m (27.8ms)[0m  [1m[35mCREATE TABLE "schema_migrations" ("version" character varying NOT NULL PRIMARY KEY)[0m
  [1m[35m (5.5ms)[0m  [1m[35mCREATE TABLE "ar_internal_metadata" ("key" character varying NOT NULL PRIMARY KEY, "value" character varying, "created_at" timestamp(6) NOT NULL, "updated_at" timestamp(6) NOT NULL)[0m
  [1m[35m (0.3ms)[0m  [1m[34mSELECT pg_try_advisory_lock(4396363058355036615)[0m
  [1m[36mActiveRecord::SchemaMigration Pluck (0.4ms)[0m  [1m[34mSELECT "schema_migrations"."version" FROM "schema_migrations" ORDER BY "schema_migrations"."version" ASC[0m
Migrating to CreateBooks (20230525171049)
  [1m[36mTRANSACTION (0.1ms)[0m  [1m[35mBEGIN[0m
  [1m[35m (7.8ms)[0m  [1m[35mCREATE TABLE "books" ("id" bigserial primary key, "title" character varying, "author" character varying, "good_reads_score" float, "good_reads_url" character varying, "good_reads_description" text, "cover_url" character varying, "publish_date" date, "created_at" timestamp(6) NOT NULL, "updated_at" timestamp(6) NOT NULL)[0m
  [1m[36mActiveRecord::SchemaMigration Create (0.3ms)[0m  [1m[32mINSERT INTO "schema_migrations" ("version") VALUES ($1) RETURNING "version"[0m  [["version", "20230525171049"]]
  [1m[36mTRANSACTION (0.3ms)[0m  [1m[35mCOMMIT[0m
  [1m[36mActiveRecord::InternalMetadata Load (0.4ms)[0m  [1m[34mSELECT "ar_internal_metadata".* FROM "ar_internal_metadata" WHERE "ar_internal_metadata"."key" = $1 LIMIT $2[0m  [["key", "environment"], ["LIMIT", 1]]
  [1m[36mTRANSACTION (0.1ms)[0m  [1m[35mBEGIN[0m
  [1m[36mActiveRecord::InternalMetadata Create (1.1ms)[0m  [1m[32mINSERT INTO "ar_internal_metadata" ("key", "value", "created_at", "updated_at") VALUES ($1, $2, $3, $4) RETURNING "key"[0m  [["key", "environment"], ["value", "development"], ["created_at", "2023-05-25 17:11:39.725543"], ["updated_at", "2023-05-25 17:11:39.725543"]]
  [1m[36mTRANSACTION (0.4ms)[0m  [1m[35mCOMMIT[0m
  [1m[35m (0.3ms)[0m  [1m[34mSELECT pg_advisory_unlock(4396363058355036615)[0m
  [1m[36mActiveRecord::SchemaMigration Pluck (0.3ms)[0m  [1m[34mSELECT "schema_migrations"."version" FROM "schema_migrations" ORDER BY "schema_migrations"."version" ASC[0m
Started GET "/" for ::1 at 2023-05-25 18:16:18 +0100
  [1m[36mActiveRecord::SchemaMigration Pluck (0.9ms)[0m  [1m[34mSELECT "schema_migrations"."version" FROM "schema_migrations" ORDER BY "schema_migrations"."version" ASC[0m
Processing by Rails::WelcomeController#index as HTML
  Rendering /Users/antoniogorgulho/.rbenv/versions/3.0.1/lib/ruby/gems/3.0.0/gems/railties-7.0.5/lib/rails/templates/rails/welcome/index.html.erb
  Rendered /Users/antoniogorgulho/.rbenv/versions/3.0.1/lib/ruby/gems/3.0.0/gems/railties-7.0.5/lib/rails/templates/rails/welcome/index.html.erb (Duration: 1.0ms | Allocations: 831)
Completed 200 OK in 9ms (Views: 2.6ms | ActiveRecord: 0.0ms | Allocations: 7917)


Started GET "/serviceworker.js" for ::1 at 2023-05-25 18:16:19 +0100
  
ActionController::RoutingError (No route matches [GET] "/serviceworker.js"):
  
Started GET "/" for ::1 at 2023-05-25 18:18:25 +0100
Processing by DashboardController#show as HTML
Completed 406 Not Acceptable in 1ms (ActiveRecord: 0.0ms | Allocations: 882)


  
ActionController::MissingExactTemplate (DashboardController#show is missing a template for request formats: text/html):
  
actionpack (7.0.5) lib/action_controller/metal/implicit_render.rb:45:in `default_render'
actionpack (7.0.5) lib/action_controller/metal/basic_implicit_render.rb:7:in `send_action'
actionpack (7.0.5) lib/abstract_controller/base.rb:215:in `process_action'
actionpack (7.0.5) lib/action_controller/metal/rendering.rb:165:in `process_action'
actionpack (7.0.5) lib/abstract_controller/callbacks.rb:234:in `block in process_action'
activesupport (7.0.5) lib/active_support/callbacks.rb:118:in `block in run_callbacks'
actiontext (7.0.5) lib/action_text/rendering.rb:20:in `with_renderer'
actiontext (7.0.5) lib/action_text/engine.rb:69:in `block (4 levels) in <class:Engine>'
activesupport (7.0.5) lib/active_support/callbacks.rb:127:in `instance_exec'
activesupport (7.0.5) lib/active_support/callbacks.rb:127:in `block in run_callbacks'
activesupport (7.0.5) lib/active_support/callbacks.rb:138:in `run_callbacks'
actionpack (7.0.5) lib/abstract_controller/callbacks.rb:233:in `process_action'
actionpack (7.0.5) lib/action_controller/metal/rescue.rb:22:in `process_action'
actionpack (7.0.5) lib/action_controller/metal/instrumentation.rb:67:in `block in process_action'
activesupport (7.0.5) lib/active_support/notifications.rb:206:in `block in instrument'
activesupport (7.0.5) lib/active_support/notifications/instrumenter.rb:24:in `instrument'
activesupport (7.0.5) lib/active_support/notifications.rb:206:in `instrument'
actionpack (7.0.5) lib/action_controller/metal/instrumentation.rb:66:in `process_action'
actionpack (7.0.5) lib/action_controller/metal/params_wrapper.rb:259:in `process_action'
activerecord (7.0.5) lib/active_record/railties/controller_runtime.rb:27:in `process_action'
actionpack (7.0.5) lib/abstract_controller/base.rb:151:in `process'
actionview (7.0.5) lib/action_view/rendering.rb:39:in `process'
actionpack (7.0.5) lib/action_controller/metal.rb:188:in `dispatch'
actionpack (7.0.5) lib/action_controller/metal.rb:251:in `dispatch'
actionpack (7.0.5) lib/action_dispatch/routing/route_set.rb:49:in `dispatch'
actionpack (7.0.5) lib/action_dispatch/routing/route_set.rb:32:in `serve'
actionpack (7.0.5) lib/action_dispatch/journey/router.rb:50:in `block in serve'
actionpack (7.0.5) lib/action_dispatch/journey/router.rb:32:in `each'
actionpack (7.0.5) lib/action_dispatch/journey/router.rb:32:in `serve'
actionpack (7.0.5) lib/action_dispatch/routing/route_set.rb:852:in `call'
rack (2.2.7) lib/rack/tempfile_reaper.rb:15:in `call'
rack (2.2.7) lib/rack/etag.rb:27:in `call'
rack (2.2.7) lib/rack/conditional_get.rb:27:in `call'
rack (2.2.7) lib/rack/head.rb:12:in `call'
actionpack (7.0.5) lib/action_dispatch/http/permissions_policy.rb:38:in `call'
actionpack (7.0.5) lib/action_dispatch/http/content_security_policy.rb:36:in `call'
rack (2.2.7) lib/rack/session/abstract/id.rb:266:in `context'
rack (2.2.7) lib/rack/session/abstract/id.rb:260:in `call'
actionpack (7.0.5) lib/action_dispatch/middleware/cookies.rb:704:in `call'
activerecord (7.0.5) lib/active_record/migration.rb:603:in `call'
actionpack (7.0.5) lib/action_dispatch/middleware/callbacks.rb:27:in `block in call'
activesupport (7.0.5) lib/active_support/callbacks.rb:99:in `run_callbacks'
actionpack (7.0.5) lib/action_dispatch/middleware/callbacks.rb:26:in `call'
actionpack (7.0.5) lib/action_dispatch/middleware/executor.rb:14:in `call'
actionpack (7.0.5) lib/action_dispatch/middleware/actionable_exceptions.rb:17:in `call'
actionpack (7.0.5) lib/action_dispatch/middleware/debug_exceptions.rb:28:in `call'
web-console (4.2.0) lib/web_console/middleware.rb:132:in `call_app'
web-console (4.2.0) lib/web_console/middleware.rb:28:in `block in call'
web-console (4.2.0) lib/web_console/middleware.rb:17:in `catch'
web-console (4.2.0) lib/web_console/middleware.rb:17:in `call'
actionpack (7.0.5) lib/action_dispatch/middleware/show_exceptions.rb:26:in `call'
railties (7.0.5) lib/rails/rack/logger.rb:40:in `call_app'
railties (7.0.5) lib/rails/rack/logger.rb:25:in `block in call'
activesupport (7.0.5) lib/active_support/tagged_logging.rb:99:in `block in tagged'
activesupport (7.0.5) lib/active_support/tagged_logging.rb:37:in `tagged'
activesupport (7.0.5) lib/active_support/tagged_logging.rb:99:in `tagged'
railties (7.0.5) lib/rails/rack/logger.rb:25:in `call'
sprockets-rails (3.4.2) lib/sprockets/rails/quiet_assets.rb:13:in `call'
actionpack (7.0.5) lib/action_dispatch/middleware/remote_ip.rb:93:in `call'
actionpack (7.0.5) lib/action_dispatch/middleware/request_id.rb:26:in `call'
rack (2.2.7) lib/rack/method_override.rb:24:in `call'
rack (2.2.7) lib/rack/runtime.rb:22:in `call'
activesupport (7.0.5) lib/active_support/cache/strategy/local_cache_middleware.rb:29:in `call'
actionpack (7.0.5) lib/action_dispatch/middleware/server_timing.rb:61:in `block in call'
actionpack (7.0.5) lib/action_dispatch/middleware/server_timing.rb:26:in `collect_events'
actionpack (7.0.5) lib/action_dispatch/middleware/server_timing.rb:60:in `call'
actionpack (7.0.5) lib/action_dispatch/middleware/executor.rb:14:in `call'
actionpack (7.0.5) lib/action_dispatch/middleware/static.rb:23:in `call'
rack (2.2.7) lib/rack/sendfile.rb:110:in `call'
actionpack (7.0.5) lib/action_dispatch/middleware/host_authorization.rb:137:in `call'
railties (7.0.5) lib/rails/engine.rb:530:in `call'
puma (5.6.5) lib/puma/configuration.rb:252:in `call'
puma (5.6.5) lib/puma/request.rb:77:in `block in handle_request'
puma (5.6.5) lib/puma/thread_pool.rb:340:in `with_force_shutdown'
puma (5.6.5) lib/puma/request.rb:76:in `handle_request'
puma (5.6.5) lib/puma/server.rb:443:in `process_client'
puma (5.6.5) lib/puma/thread_pool.rb:147:in `block in spawn_thread'
Started GET "/serviceworker.js" for ::1 at 2023-05-25 18:18:27 +0100
  
ActionController::RoutingError (No route matches [GET] "/serviceworker.js"):
  
Started GET "/" for ::1 at 2023-05-25 18:18:42 +0100
Processing by DashboardController#show as HTML
  Rendering layout layouts/application.html.erb
  Rendering dashboard/show.html.erb within layouts/application
  Rendered dashboard/show.html.erb within layouts/application (Duration: 0.7ms | Allocations: 127)
  Rendered layout layouts/application.html.erb (Duration: 224.0ms | Allocations: 86269)
Completed 500 Internal Server Error in 230ms (ActiveRecord: 0.0ms | Allocations: 87449)


  
ActionView::Template::Error (The asset "application.js" is not present in the asset pipeline.
):
     8:     <%= action_cable_meta_tag %>
     9: 
    10:     <%= stylesheet_link_tag "application", "data-turbo-track": "reload" %>
    11:     <%= javascript_include_tag "application", "data-turbo-track": "reload", defer: true %>
    12:   </head>
    13: 
    14:   <%= render 'navbar' %>
  
app/views/layouts/application.html.erb:11
Started GET "/serviceworker.js" for ::1 at 2023-05-25 18:18:44 +0100
  
ActionController::RoutingError (No route matches [GET] "/serviceworker.js"):
  
Started GET "/" for ::1 at 2023-05-25 18:19:16 +0100
Processing by DashboardController#show as HTML
  Rendering layout layouts/application.html.erb
  Rendering dashboard/show.html.erb within layouts/application
  Rendered dashboard/show.html.erb within layouts/application (Duration: 0.2ms | Allocations: 127)
  Rendered layout layouts/application.html.erb (Duration: 2.9ms | Allocations: 3856)
Completed 500 Internal Server Error in 4ms (ActiveRecord: 0.0ms | Allocations: 5098)


  
ActionView::Template::Error (The asset "application.js" is not present in the asset pipeline.
):
     8:     <%= action_cable_meta_tag %>
     9: 
    10:     <%= stylesheet_link_tag "application", "data-turbo-track": "reload" %>
    11:     <%= javascript_include_tag "application", "data-turbo-track": "reload", defer: true %>
    12:   </head>
    13: 
    14:   <%= render 'navbar' %>
  
app/views/layouts/application.html.erb:11
Started GET "/serviceworker.js" for ::1 at 2023-05-25 18:19:18 +0100
  
ActionController::RoutingError (No route matches [GET] "/serviceworker.js"):
  
Started GET "/serviceworker.js" for ::1 at 2023-05-25 18:19:37 +0100
  
ActionController::RoutingError (No route matches [GET] "/serviceworker.js"):
  
Started GET "/" for ::1 at 2023-05-25 18:20:01 +0100
  [1m[36mActiveRecord::SchemaMigration Pluck (1.0ms)[0m  [1m[34mSELECT "schema_migrations"."version" FROM "schema_migrations" ORDER BY "schema_migrations"."version" ASC[0m
Processing by DashboardController#show as HTML
  Rendering layout layouts/application.html.erb
  Rendering dashboard/show.html.erb within layouts/application
  Rendered dashboard/show.html.erb within layouts/application (Duration: 0.5ms | Allocations: 444)
  Rendered layout layouts/application.html.erb (Duration: 21.4ms | Allocations: 29300)
Completed 500 Internal Server Error in 29ms (ActiveRecord: 0.0ms | Allocations: 36443)


  
ActionView::Template::Error (The asset "application.js" is not present in the asset pipeline.
):
     8:     <%= action_cable_meta_tag %>
     9: 
    10:     <%= stylesheet_link_tag "application", "data-turbo-track": "reload" %>
    11:     <%= javascript_include_tag "application", "data-turbo-track": "reload", defer: true %>
    12:   </head>
    13: 
    14:   <%= render 'navbar' %>
  
app/views/layouts/application.html.erb:11
Started GET "/serviceworker.js" for ::1 at 2023-05-25 18:20:03 +0100
  
ActionController::RoutingError (No route matches [GET] "/serviceworker.js"):
  
Started GET "/" for ::1 at 2023-05-25 18:22:19 +0100
Processing by DashboardController#show as HTML
  Rendering layout layouts/application.html.erb
  Rendering dashboard/show.html.erb within layouts/application
  Rendered dashboard/show.html.erb within layouts/application (Duration: 0.0ms | Allocations: 7)
  Rendered layout layouts/application.html.erb (Duration: 4.9ms | Allocations: 3439)
Completed 500 Internal Server Error in 6ms (ActiveRecord: 0.0ms | Allocations: 3737)


  
ActionView::Template::Error (The asset "application.js" is not present in the asset pipeline.
):
     8:     <%= action_cable_meta_tag %>
     9: 
    10:     <%= stylesheet_link_tag "application", "data-turbo-track": "reload" %>
    11:     <%= javascript_include_tag "application", "data-turbo-track": "reload", defer: true %>
    12:   </head>
    13: 
    14:   <%= render 'navbar' %>
  
app/views/layouts/application.html.erb:11
Started GET "/serviceworker.js" for ::1 at 2023-05-25 18:22:20 +0100
  
ActionController::RoutingError (No route matches [GET] "/serviceworker.js"):
  
Started GET "/" for ::1 at 2023-05-25 18:22:44 +0100
  [1m[36mActiveRecord::SchemaMigration Pluck (1.1ms)[0m  [1m[34mSELECT "schema_migrations"."version" FROM "schema_migrations" ORDER BY "schema_migrations"."version" ASC[0m
Processing by DashboardController#show as HTML
  Rendering layout layouts/application.html.erb
  Rendering dashboard/show.html.erb within layouts/application
  Rendered dashboard/show.html.erb within layouts/application (Duration: 0.5ms | Allocations: 444)
  Rendered layout layouts/application.html.erb (Duration: 21.7ms | Allocations: 29322)
Completed 500 Internal Server Error in 29ms (ActiveRecord: 0.0ms | Allocations: 36465)


  
ActionView::Template::Error (The asset "application.js" is not present in the asset pipeline.
):
     8:     <%= action_cable_meta_tag %>
     9: 
    10:     <%= stylesheet_link_tag "application", "data-turbo-track": "reload" %>
    11:     <%= javascript_include_tag "application", "data-turbo-track": "reload", defer: true %>
    12:   </head>
    13: 
    14:   <%= render 'navbar' %>
  
app/views/layouts/application.html.erb:11
Started GET "/serviceworker.js" for ::1 at 2023-05-25 18:22:46 +0100
  
ActionController::RoutingError (No route matches [GET] "/serviceworker.js"):
  
Started GET "/" for ::1 at 2023-05-25 18:23:22 +0100
Processing by DashboardController#show as HTML
  Rendering layout layouts/application.html.erb
  Rendering dashboard/show.html.erb within layouts/application
  Rendered dashboard/show.html.erb within layouts/application (Duration: 0.8ms | Allocations: 127)
  Rendered layout layouts/application.html.erb (Duration: 5.4ms | Allocations: 3891)
Completed 500 Internal Server Error in 10ms (ActiveRecord: 0.0ms | Allocations: 5071)


  
ActionView::Template::Error (Missing partial dashboard/_navbar, application/_navbar with {:locale=>[:en], :formats=>[:html], :variants=>[], :handlers=>[:raw, :erb, :html, :builder, :ruby, :jbuilder]}.

Searched in:
  * "/Users/antoniogorgulho/Projects/amz-dash/app/views"
  * "/Users/antoniogorgulho/.rbenv/versions/3.0.1/lib/ruby/gems/3.0.0/gems/turbo-rails-1.4.0/app/views"
  * "/Users/antoniogorgulho/.rbenv/versions/3.0.1/lib/ruby/gems/3.0.0/gems/actiontext-7.0.5/app/views"
  * "/Users/antoniogorgulho/.rbenv/versions/3.0.1/lib/ruby/gems/3.0.0/gems/actionmailbox-7.0.5/app/views"

Did you mean?  layouts/navbar
               action_text/attachables/missing_attachable
               active_storage/blobs/blob
               action_text/contents/content
               layouts/action_text/contents/content
               action_text/attachment_galleries/attachment_gallery):
    11:     <%= javascript_include_tag "/assets/application", "data-turbo-track": "reload", defer: true %>
    12:   </head>
    13: 
    14:   <%= render 'navbar' %>
    15: 
    16:   <body>
    17:     <%= yield %>
  
app/views/layouts/application.html.erb:14
Started GET "/serviceworker.js" for ::1 at 2023-05-25 18:23:24 +0100
  
ActionController::RoutingError (No route matches [GET] "/serviceworker.js"):
  
Started GET "/" for ::1 at 2023-05-25 18:23:51 +0100
Processing by DashboardController#show as HTML
  Rendering layout layouts/application.html.erb
  Rendering dashboard/show.html.erb within layouts/application
  Rendered dashboard/show.html.erb within layouts/application (Duration: 0.6ms | Allocations: 127)
  Rendered shared/_navbar.html.erb (Duration: 0.9ms | Allocations: 470)
  Rendered layout layouts/application.html.erb (Duration: 7.3ms | Allocations: 2428)
Completed 200 OK in 13ms (Views: 11.1ms | ActiveRecord: 0.0ms | Allocations: 3668)


  
ActionController::RoutingError (No route matches [GET] "/application.js"):
  
Started GET "/serviceworker.js" for ::1 at 2023-05-25 18:23:52 +0100
  
ActionController::RoutingError (No route matches [GET] "/serviceworker.js"):
  
Started GET "/" for ::1 at 2023-05-25 18:24:30 +0100
Processing by DashboardController#show as HTML
  Rendering layout layouts/application.html.erb
  Rendering dashboard/show.html.erb within layouts/application
  Rendered dashboard/show.html.erb within layouts/application (Duration: 1.1ms | Allocations: 127)
  Rendered shared/_navbar.html.erb (Duration: 0.6ms | Allocations: 236)
  Rendered layout layouts/application.html.erb (Duration: 6.2ms | Allocations: 2186)
Completed 200 OK in 10ms (Views: 8.9ms | ActiveRecord: 0.0ms | Allocations: 3384)


  
ActionController::RoutingError (No route matches [GET] "/application.js"):
  
Started GET "/serviceworker.js" for ::1 at 2023-05-25 18:24:32 +0100
  
ActionController::RoutingError (No route matches [GET] "/serviceworker.js"):
  
Started GET "/serviceworker.js" for ::1 at 2023-05-25 18:25:07 +0100
  
ActionController::RoutingError (No route matches [GET] "/serviceworker.js"):
  
Started GET "/" for ::1 at 2023-05-25 18:25:11 +0100
Processing by DashboardController#show as HTML
  Rendering layout layouts/application.html.erb
  Rendering dashboard/show.html.erb within layouts/application
  Rendered dashboard/show.html.erb within layouts/application (Duration: 0.5ms | Allocations: 127)
  Rendered shared/_navbar.html.erb (Duration: 0.9ms | Allocations: 367)
  Rendered layout layouts/application.html.erb (Duration: 5.5ms | Allocations: 2317)
Completed 200 OK in 9ms (Views: 8.0ms | ActiveRecord: 0.0ms | Allocations: 3518)


  
ActionController::RoutingError (No route matches [GET] "/application.js"):
  
Started GET "/serviceworker.js" for ::1 at 2023-05-25 18:25:13 +0100
  
ActionController::RoutingError (No route matches [GET] "/serviceworker.js"):
  
Started GET "/" for ::1 at 2023-05-25 18:25:42 +0100
Processing by DashboardController#show as HTML
  Rendering layout layouts/application.html.erb
  Rendering dashboard/show.html.erb within layouts/application
  Rendered dashboard/show.html.erb within layouts/application (Duration: 0.5ms | Allocations: 127)
  Rendered shared/_navbar.html.erb (Duration: 0.7ms | Allocations: 333)
  Rendered layout layouts/application.html.erb (Duration: 4.7ms | Allocations: 2286)
Completed 200 OK in 10ms (Views: 7.9ms | ActiveRecord: 0.0ms | Allocations: 3484)


  
ActionController::RoutingError (No route matches [GET] "/application.js"):
  
Started GET "/books" for ::1 at 2023-05-25 18:25:44 +0100
Processing by BooksController#index as HTML
  Rendering layout layouts/application.html.erb
  Rendering books/index.html.erb within layouts/application
  [1m[36mBook Load (4.2ms)[0m  [1m[34mSELECT "books".* FROM "books"[0m
  ↳ app/views/books/index.html.erb:6
  Rendered books/index.html.erb within layouts/application (Duration: 6.1ms | Allocations: 1526)
  Rendered shared/_navbar.html.erb (Duration: 0.0ms | Allocations: 53)
  Rendered layout layouts/application.html.erb (Duration: 7.3ms | Allocations: 2758)
Completed 200 OK in 10ms (Views: 4.1ms | ActiveRecord: 4.2ms | Allocations: 4620)


  
ActionController::RoutingError (No route matches [GET] "/application.js"):
  
Started GET "/serviceworker.js" for ::1 at 2023-05-25 18:25:44 +0100
  
ActionController::RoutingError (No route matches [GET] "/serviceworker.js"):
  
Started GET "/serviceworker.js" for ::1 at 2023-05-25 18:25:46 +0100
  
ActionController::RoutingError (No route matches [GET] "/serviceworker.js"):
  
Started GET "/serviceworker.js" for ::1 at 2023-05-25 18:27:40 +0100
  
ActionController::RoutingError (No route matches [GET] "/serviceworker.js"):
  
Started GET "/books" for ::1 at 2023-05-25 18:29:59 +0100
Processing by BooksController#index as HTML
  Rendering layout layouts/application.html.erb
  Rendering books/index.html.erb within layouts/application
  [1m[36mBook Load (0.6ms)[0m  [1m[34mSELECT "books".* FROM "books"[0m
  ↳ app/views/books/index.html.erb:6
  Rendered books/index.html.erb within layouts/application (Duration: 2.9ms | Allocations: 1339)
  Rendered shared/_navbar.html.erb (Duration: 0.4ms | Allocations: 364)
  Rendered layout layouts/application.html.erb (Duration: 5.0ms | Allocations: 3217)
Completed 200 OK in 8ms (Views: 5.6ms | ActiveRecord: 0.6ms | Allocations: 5281)


  
ActionController::RoutingError (No route matches [GET] "/application.js"):
  
Started GET "/serviceworker.js" for ::1 at 2023-05-25 18:30:01 +0100
  
ActionController::RoutingError (No route matches [GET] "/serviceworker.js"):
  
Started GET "/books" for ::1 at 2023-05-25 18:30:11 +0100
Processing by BooksController#index as HTML
  Rendering layout layouts/application.html.erb
  Rendering books/index.html.erb within layouts/application
  [1m[36mBook Load (0.4ms)[0m  [1m[34mSELECT "books".* FROM "books"[0m
  ↳ app/views/books/index.html.erb:6
  Rendered books/index.html.erb within layouts/application (Duration: 4.6ms | Allocations: 1286)
  Rendered shared/_navbar.html.erb (Duration: 1.3ms | Allocations: 356)
  Rendered layout layouts/application.html.erb (Duration: 9.7ms | Allocations: 3152)
Completed 200 OK in 16ms (Views: 13.7ms | ActiveRecord: 0.4ms | Allocations: 4383)


  
ActionController::RoutingError (No route matches [GET] "/application.js"):
  
Started GET "/" for ::1 at 2023-05-25 18:30:11 +0100
Processing by DashboardController#show as HTML
  Rendering layout layouts/application.html.erb
  Rendering dashboard/show.html.erb within layouts/application
  Rendered dashboard/show.html.erb within layouts/application (Duration: 0.5ms | Allocations: 126)
  Rendered shared/_navbar.html.erb (Duration: 0.4ms | Allocations: 150)
  Rendered layout layouts/application.html.erb (Duration: 5.6ms | Allocations: 1766)
Completed 200 OK in 9ms (Views: 8.0ms | ActiveRecord: 0.0ms | Allocations: 2754)


  
ActionController::RoutingError (No route matches [GET] "/application.js"):
  
Started GET "/books" for ::1 at 2023-05-25 18:30:12 +0100
Processing by BooksController#index as HTML
  Rendering layout layouts/application.html.erb
  Rendering books/index.html.erb within layouts/application
  [1m[36mBook Load (0.4ms)[0m  [1m[34mSELECT "books".* FROM "books"[0m
  ↳ app/views/books/index.html.erb:6
  Rendered books/index.html.erb within layouts/application (Duration: 4.2ms | Allocations: 883)
  Rendered shared/_navbar.html.erb (Duration: 0.3ms | Allocations: 88)
  Rendered layout layouts/application.html.erb (Duration: 7.1ms | Allocations: 1963)
Completed 200 OK in 9ms (Views: 7.7ms | ActiveRecord: 0.4ms | Allocations: 2294)


  
ActionController::RoutingError (No route matches [GET] "/application.js"):
  
Started GET "/" for ::1 at 2023-05-25 18:30:13 +0100
Processing by DashboardController#show as HTML
  Rendering layout layouts/application.html.erb
  Rendering dashboard/show.html.erb within layouts/application
  Rendered dashboard/show.html.erb within layouts/application (Duration: 0.1ms | Allocations: 7)
  Rendered shared/_navbar.html.erb (Duration: 0.3ms | Allocations: 102)
  Rendered layout layouts/application.html.erb (Duration: 6.8ms | Allocations: 1336)
Completed 200 OK in 8ms (Views: 7.8ms | ActiveRecord: 0.0ms | Allocations: 1628)


  
ActionController::RoutingError (No route matches [GET] "/application.js"):
  
Started GET "/serviceworker.js" for ::1 at 2023-05-25 18:30:13 +0100
  
ActionController::RoutingError (No route matches [GET] "/serviceworker.js"):
  
Started GET "/books" for ::1 at 2023-05-25 18:30:13 +0100
Processing by BooksController#index as HTML
  Rendering layout layouts/application.html.erb
  Rendering books/index.html.erb within layouts/application
  [1m[36mBook Load (0.4ms)[0m  [1m[34mSELECT "books".* FROM "books"[0m
  ↳ app/views/books/index.html.erb:6
  Rendered books/index.html.erb within layouts/application (Duration: 3.6ms | Allocations: 819)
  Rendered shared/_navbar.html.erb (Duration: 0.4ms | Allocations: 88)
  Rendered layout layouts/application.html.erb (Duration: 6.8ms | Allocations: 1896)
Completed 200 OK in 8ms (Views: 7.2ms | ActiveRecord: 0.4ms | Allocations: 2205)


  
ActionController::RoutingError (No route matches [GET] "/application.js"):
  
Started GET "/" for ::1 at 2023-05-25 18:30:14 +0100
Processing by DashboardController#show as HTML
  Rendering layout layouts/application.html.erb
  Rendering dashboard/show.html.erb within layouts/application
  Rendered dashboard/show.html.erb within layouts/application (Duration: 0.1ms | Allocations: 7)
  Rendered shared/_navbar.html.erb (Duration: 0.4ms | Allocations: 102)
  Rendered layout layouts/application.html.erb (Duration: 4.8ms | Allocations: 1333)
Completed 200 OK in 6ms (Views: 5.4ms | ActiveRecord: 0.0ms | Allocations: 1625)


  
ActionController::RoutingError (No route matches [GET] "/application.js"):
  
Started GET "/books" for ::1 at 2023-05-25 18:30:15 +0100
Processing by BooksController#index as HTML
  Rendering layout layouts/application.html.erb
  Rendering books/index.html.erb within layouts/application
  [1m[36mBook Load (0.3ms)[0m  [1m[34mSELECT "books".* FROM "books"[0m
  ↳ app/views/books/index.html.erb:6
  Rendered books/index.html.erb within layouts/application (Duration: 3.2ms | Allocations: 813)
  Rendered shared/_navbar.html.erb (Duration: 0.3ms | Allocations: 88)
  Rendered layout layouts/application.html.erb (Duration: 6.2ms | Allocations: 1893)
Completed 200 OK in 7ms (Views: 6.6ms | ActiveRecord: 0.3ms | Allocations: 2198)


  
ActionController::RoutingError (No route matches [GET] "/application.js"):
  
Started GET "/" for ::1 at 2023-05-25 18:30:16 +0100
Processing by DashboardController#show as HTML
  Rendering layout layouts/application.html.erb
  Rendering dashboard/show.html.erb within layouts/application
  Rendered dashboard/show.html.erb within layouts/application (Duration: 0.1ms | Allocations: 7)
  Rendered shared/_navbar.html.erb (Duration: 0.9ms | Allocations: 102)
  Rendered layout layouts/application.html.erb (Duration: 5.5ms | Allocations: 1336)
Completed 200 OK in 7ms (Views: 6.8ms | ActiveRecord: 0.0ms | Allocations: 1628)


  
ActionController::RoutingError (No route matches [GET] "/application.js"):
  
Started GET "/books" for ::1 at 2023-05-25 18:30:17 +0100
Processing by BooksController#index as HTML
  Rendering layout layouts/application.html.erb
  Rendering books/index.html.erb within layouts/application
  [1m[36mBook Load (0.6ms)[0m  [1m[34mSELECT "books".* FROM "books"[0m
  ↳ app/views/books/index.html.erb:6
  Rendered books/index.html.erb within layouts/application (Duration: 5.1ms | Allocations: 812)
  Rendered shared/_navbar.html.erb (Duration: 0.3ms | Allocations: 88)
  Rendered layout layouts/application.html.erb (Duration: 9.1ms | Allocations: 1889)
Completed 200 OK in 11ms (Views: 9.4ms | ActiveRecord: 0.6ms | Allocations: 2194)


  
ActionController::RoutingError (No route matches [GET] "/application.js"):
  
Started GET "/serviceworker.js" for ::1 at 2023-05-25 18:30:17 +0100
  
ActionController::RoutingError (No route matches [GET] "/serviceworker.js"):
  
Started GET "/serviceworker.js" for ::1 at 2023-05-25 18:30:19 +0100
  
ActionController::RoutingError (No route matches [GET] "/serviceworker.js"):
  
Started GET "/serviceworker.js" for ::1 at 2023-05-25 18:32:44 +0100
  
ActionController::RoutingError (No route matches [GET] "/serviceworker.js"):
  
Started GET "/" for ::1 at 2023-05-25 18:33:06 +0100
Processing by DashboardController#show as HTML
  Rendering layout layouts/application.html.erb
  Rendering dashboard/show.html.erb within layouts/application
  Rendered dashboard/show.html.erb within layouts/application (Duration: 0.1ms | Allocations: 7)
  Rendered shared/_navbar.html.erb (Duration: 0.4ms | Allocations: 102)
  Rendered layout layouts/application.html.erb (Duration: 5.0ms | Allocations: 1336)
Completed 200 OK in 7ms (Views: 6.0ms | ActiveRecord: 0.0ms | Allocations: 1628)


  
ActionController::RoutingError (No route matches [GET] "/application.js"):
  
Started GET "/books" for ::1 at 2023-05-25 18:33:07 +0100
Processing by BooksController#index as HTML
  Rendering layout layouts/application.html.erb
  Rendering books/index.html.erb within layouts/application
  [1m[36mBook Load (0.4ms)[0m  [1m[34mSELECT "books".* FROM "books"[0m
  ↳ app/views/books/index.html.erb:6
  Rendered books/index.html.erb within layouts/application (Duration: 3.1ms | Allocations: 813)
  Rendered shared/_navbar.html.erb (Duration: 0.2ms | Allocations: 88)
  Rendered layout layouts/application.html.erb (Duration: 6.6ms | Allocations: 1891)
Completed 200 OK in 8ms (Views: 7.0ms | ActiveRecord: 0.4ms | Allocations: 2196)


  
ActionController::RoutingError (No route matches [GET] "/application.js"):
  
Started GET "/" for ::1 at 2023-05-25 18:33:08 +0100
Processing by DashboardController#show as HTML
  Rendering layout layouts/application.html.erb
  Rendering dashboard/show.html.erb within layouts/application
  Rendered dashboard/show.html.erb within layouts/application (Duration: 0.1ms | Allocations: 7)
  Rendered shared/_navbar.html.erb (Duration: 0.2ms | Allocations: 102)
  Rendered layout layouts/application.html.erb (Duration: 3.1ms | Allocations: 1333)
Completed 200 OK in 4ms (Views: 3.8ms | ActiveRecord: 0.0ms | Allocations: 1625)


  
ActionController::RoutingError (No route matches [GET] "/application.js"):
  
Started GET "/books" for ::1 at 2023-05-25 18:33:08 +0100
Processing by BooksController#index as HTML
  Rendering layout layouts/application.html.erb
  Rendering books/index.html.erb within layouts/application
  [1m[36mBook Load (0.4ms)[0m  [1m[34mSELECT "books".* FROM "books"[0m
  ↳ app/views/books/index.html.erb:6
  Rendered books/index.html.erb within layouts/application (Duration: 3.4ms | Allocations: 813)
  Rendered shared/_navbar.html.erb (Duration: 0.3ms | Allocations: 88)
  Rendered layout layouts/application.html.erb (Duration: 7.4ms | Allocations: 1893)
Completed 200 OK in 9ms (Views: 7.8ms | ActiveRecord: 0.4ms | Allocations: 2198)


  
ActionController::RoutingError (No route matches [GET] "/application.js"):
  
Started GET "/" for ::1 at 2023-05-25 18:33:09 +0100
Processing by DashboardController#show as HTML
  Rendering layout layouts/application.html.erb
  Rendering dashboard/show.html.erb within layouts/application
  Rendered dashboard/show.html.erb within layouts/application (Duration: 0.1ms | Allocations: 7)
  Rendered shared/_navbar.html.erb (Duration: 0.3ms | Allocations: 102)
  Rendered layout layouts/application.html.erb (Duration: 6.9ms | Allocations: 1333)
Completed 200 OK in 8ms (Views: 7.7ms | ActiveRecord: 0.0ms | Allocations: 1626)


  
ActionController::RoutingError (No route matches [GET] "/application.js"):
  
Started GET "/serviceworker.js" for ::1 at 2023-05-25 18:33:11 +0100
  
ActionController::RoutingError (No route matches [GET] "/serviceworker.js"):
  
Started GET "/books" for ::1 at 2023-05-25 18:33:12 +0100
Processing by BooksController#index as HTML
  Rendering layout layouts/application.html.erb
  Rendering books/index.html.erb within layouts/application
  [1m[36mBook Load (0.5ms)[0m  [1m[34mSELECT "books".* FROM "books"[0m
  ↳ app/views/books/index.html.erb:6
  Rendered books/index.html.erb within layouts/application (Duration: 4.8ms | Allocations: 812)
  Rendered shared/_navbar.html.erb (Duration: 0.3ms | Allocations: 88)
  Rendered layout layouts/application.html.erb (Duration: 8.5ms | Allocations: 1892)
Completed 200 OK in 10ms (Views: 9.0ms | ActiveRecord: 0.5ms | Allocations: 2197)


  
ActionController::RoutingError (No route matches [GET] "/application.js"):
  
Started GET "/" for ::1 at 2023-05-25 18:33:13 +0100
Processing by DashboardController#show as HTML
  Rendering layout layouts/application.html.erb
  Rendering dashboard/show.html.erb within layouts/application
  Rendered dashboard/show.html.erb within layouts/application (Duration: 0.1ms | Allocations: 7)
  Rendered shared/_navbar.html.erb (Duration: 0.3ms | Allocations: 102)
  Rendered layout layouts/application.html.erb (Duration: 4.4ms | Allocations: 1333)
Completed 200 OK in 6ms (Views: 5.3ms | ActiveRecord: 0.0ms | Allocations: 1625)


  
ActionController::RoutingError (No route matches [GET] "/application.js"):
  
Started GET "/books" for ::1 at 2023-05-25 18:33:13 +0100
Processing by BooksController#index as HTML
  Rendering layout layouts/application.html.erb
  Rendering books/index.html.erb within layouts/application
  [1m[36mBook Load (0.6ms)[0m  [1m[34mSELECT "books".* FROM "books"[0m
  ↳ app/views/books/index.html.erb:6
  Rendered books/index.html.erb within layouts/application (Duration: 4.5ms | Allocations: 813)
  Rendered shared/_navbar.html.erb (Duration: 0.3ms | Allocations: 88)
  Rendered layout layouts/application.html.erb (Duration: 9.5ms | Allocations: 1893)
Completed 200 OK in 11ms (Views: 9.8ms | ActiveRecord: 0.6ms | Allocations: 2198)


  
ActionController::RoutingError (No route matches [GET] "/application.js"):
  
Started GET "/" for ::1 at 2023-05-25 18:33:14 +0100
Processing by DashboardController#show as HTML
  Rendering layout layouts/application.html.erb
  Rendering dashboard/show.html.erb within layouts/application
  Rendered dashboard/show.html.erb within layouts/application (Duration: 0.1ms | Allocations: 7)
  Rendered shared/_navbar.html.erb (Duration: 0.3ms | Allocations: 102)
  Rendered layout layouts/application.html.erb (Duration: 4.2ms | Allocations: 1333)
Completed 200 OK in 6ms (Views: 5.1ms | ActiveRecord: 0.0ms | Allocations: 1625)


  
ActionController::RoutingError (No route matches [GET] "/application.js"):
  
Started GET "/books" for ::1 at 2023-05-25 18:33:15 +0100
Processing by BooksController#index as HTML
  Rendering layout layouts/application.html.erb
  Rendering books/index.html.erb within layouts/application
  [1m[36mBook Load (0.6ms)[0m  [1m[34mSELECT "books".* FROM "books"[0m
  ↳ app/views/books/index.html.erb:6
  Rendered books/index.html.erb within layouts/application (Duration: 4.7ms | Allocations: 812)
  Rendered shared/_navbar.html.erb (Duration: 0.2ms | Allocations: 88)
  Rendered layout layouts/application.html.erb (Duration: 7.9ms | Allocations: 1889)
Completed 200 OK in 10ms (Views: 8.3ms | ActiveRecord: 0.6ms | Allocations: 2194)


  
ActionController::RoutingError (No route matches [GET] "/application.js"):
  
Started GET "/serviceworker.js" for ::1 at 2023-05-25 18:33:16 +0100
  
ActionController::RoutingError (No route matches [GET] "/serviceworker.js"):
  
Started GET "/serviceworker.js" for ::1 at 2023-05-25 18:33:17 +0100
  
ActionController::RoutingError (No route matches [GET] "/serviceworker.js"):
  
Started GET "/" for ::1 at 2023-05-25 18:33:18 +0100
Processing by DashboardController#show as HTML
  Rendering layout layouts/application.html.erb
  Rendering dashboard/show.html.erb within layouts/application
  Rendered dashboard/show.html.erb within layouts/application (Duration: 0.1ms | Allocations: 7)
  Rendered shared/_navbar.html.erb (Duration: 0.3ms | Allocations: 102)
  Rendered layout layouts/application.html.erb (Duration: 3.8ms | Allocations: 1336)
Completed 200 OK in 5ms (Views: 4.6ms | ActiveRecord: 0.0ms | Allocations: 1628)


  
ActionController::RoutingError (No route matches [GET] "/application.js"):
  
Started GET "/books" for ::1 at 2023-05-25 18:33:19 +0100
Processing by BooksController#index as HTML
  Rendering layout layouts/application.html.erb
  Rendering books/index.html.erb within layouts/application
  [1m[36mBook Load (0.3ms)[0m  [1m[34mSELECT "books".* FROM "books"[0m
  ↳ app/views/books/index.html.erb:6
  Rendered books/index.html.erb within layouts/application (Duration: 2.8ms | Allocations: 813)
  Rendered shared/_navbar.html.erb (Duration: 0.2ms | Allocations: 88)
  Rendered layout layouts/application.html.erb (Duration: 5.6ms | Allocations: 1890)
Completed 200 OK in 7ms (Views: 5.9ms | ActiveRecord: 0.3ms | Allocations: 2195)


  
ActionController::RoutingError (No route matches [GET] "/application.js"):
  
Started GET "/serviceworker.js" for ::1 at 2023-05-25 18:33:20 +0100
  
ActionController::RoutingError (No route matches [GET] "/serviceworker.js"):
  
Started GET "/books" for ::1 at 2023-05-25 18:33:23 +0100
Processing by BooksController#index as */*
  Rendering layout layouts/application.html.erb
  Rendering books/index.html.erb within layouts/application
  [1m[36mBook Load (0.3ms)[0m  [1m[34mSELECT "books".* FROM "books"[0m
  ↳ app/views/books/index.html.erb:6
  Rendered books/index.html.erb within layouts/application (Duration: 2.8ms | Allocations: 813)
  Rendered shared/_navbar.html.erb (Duration: 0.2ms | Allocations: 88)
  Rendered layout layouts/application.html.erb (Duration: 5.9ms | Allocations: 1893)
Completed 200 OK in 7ms (Views: 6.2ms | ActiveRecord: 0.3ms | Allocations: 2236)


Started GET "/" for ::1 at 2023-05-25 18:33:26 +0100
Processing by DashboardController#show as HTML
  Rendering layout layouts/application.html.erb
  Rendering dashboard/show.html.erb within layouts/application
  Rendered dashboard/show.html.erb within layouts/application (Duration: 0.0ms | Allocations: 7)
  Rendered shared/_navbar.html.erb (Duration: 0.4ms | Allocations: 102)
  Rendered layout layouts/application.html.erb (Duration: 5.1ms | Allocations: 1333)
Completed 200 OK in 8ms (Views: 7.5ms | ActiveRecord: 0.0ms | Allocations: 1625)


  
ActionController::RoutingError (No route matches [GET] "/application.js"):
  
Started GET "/serviceworker.js" for ::1 at 2023-05-25 18:33:27 +0100
  
ActionController::RoutingError (No route matches [GET] "/serviceworker.js"):
  
  
ActionController::RoutingError (No route matches [GET] "/application.js"):
  
Started GET "/serviceworker.js" for ::1 at 2023-05-25 18:33:38 +0100
  
ActionController::RoutingError (No route matches [GET] "/serviceworker.js"):
  
Started GET "/" for ::1 at 2023-05-25 18:33:42 +0100
Processing by DashboardController#show as HTML
  Rendering layout layouts/application.html.erb
  Rendering dashboard/show.html.erb within layouts/application
  Rendered dashboard/show.html.erb within layouts/application (Duration: 0.1ms | Allocations: 7)
  Rendered shared/_navbar.html.erb (Duration: 0.3ms | Allocations: 102)
  Rendered layout layouts/application.html.erb (Duration: 11.8ms | Allocations: 1334)
Completed 200 OK in 13ms (Views: 12.6ms | ActiveRecord: 0.0ms | Allocations: 1627)


  
ActionController::RoutingError (No route matches [GET] "/application.js"):
  
Started GET "/serviceworker.js" for ::1 at 2023-05-25 18:33:44 +0100
  
ActionController::RoutingError (No route matches [GET] "/serviceworker.js"):
  
Started GET "/" for ::1 at 2023-05-25 18:33:51 +0100
Processing by DashboardController#show as HTML
  Rendering layout layouts/application.html.erb
  Rendering dashboard/show.html.erb within layouts/application
  Rendered dashboard/show.html.erb within layouts/application (Duration: 0.5ms | Allocations: 127)
  Rendered layout layouts/application.html.erb (Duration: 4.2ms | Allocations: 3931)
Completed 500 Internal Server Error in 8ms (ActiveRecord: 0.0ms | Allocations: 5081)


  
ActionView::Template::Error (The asset "application.js" is not present in the asset pipeline.
):
     8:     <%= action_cable_meta_tag %>
     9: 
    10:     <%= stylesheet_link_tag "application", "data-turbo-track": "reload" %>
    11:     <%= javascript_include_tag "application", "data-turbo-track": "reload", defer: true %>
    12:   </head>
    13: 
    14:   <%= render 'shared/navbar' %>
  
app/views/layouts/application.html.erb:11
Started GET "/serviceworker.js" for ::1 at 2023-05-25 18:37:49 +0100
  [1m[36mActiveRecord::SchemaMigration Pluck (0.7ms)[0m  [1m[34mSELECT "schema_migrations"."version" FROM "schema_migrations" ORDER BY "schema_migrations"."version" ASC[0m
  
ActionController::RoutingError (No route matches [GET] "/serviceworker.js"):
  
Started GET "/" for ::1 at 2023-05-25 18:45:04 +0100
  [1m[36mActiveRecord::SchemaMigration Pluck (0.8ms)[0m  [1m[34mSELECT "schema_migrations"."version" FROM "schema_migrations" ORDER BY "schema_migrations"."version" ASC[0m
Processing by DashboardController#show as HTML
  Rendering layout layouts/application.html.erb
  Rendering dashboard/show.html.erb within layouts/application
  Rendered dashboard/show.html.erb within layouts/application (Duration: 0.5ms | Allocations: 444)
  Rendered shared/_navbar.html.erb (Duration: 0.5ms | Allocations: 466)
  Rendered layout layouts/application.html.erb (Duration: 288.5ms | Allocations: 93908)
Completed 200 OK in 297ms (Views: 290.5ms | ActiveRecord: 0.0ms | Allocations: 101086)


Started GET "/books" for ::1 at 2023-05-25 18:45:06 +0100
Processing by BooksController#index as HTML
  Rendering layout layouts/application.html.erb
  Rendering books/index.html.erb within layouts/application
  [1m[36mBook Load (1.0ms)[0m  [1m[34mSELECT "books".* FROM "books"[0m
  ↳ app/views/books/index.html.erb:6
  Rendered books/index.html.erb within layouts/application (Duration: 5.0ms | Allocations: 1532)
  Rendered shared/_navbar.html.erb (Duration: 0.2ms | Allocations: 111)
  Rendered layout layouts/application.html.erb (Duration: 8.5ms | Allocations: 3553)
Completed 200 OK in 15ms (Views: 9.9ms | ActiveRecord: 1.0ms | Allocations: 5380)


Started GET "/serviceworker.js" for ::1 at 2023-05-25 18:45:06 +0100
  
ActionController::RoutingError (No route matches [GET] "/serviceworker.js"):
  
Started GET "/" for ::1 at 2023-05-25 18:45:06 +0100
Processing by DashboardController#show as HTML
  Rendering layout layouts/application.html.erb
  Rendering dashboard/show.html.erb within layouts/application
  Rendered dashboard/show.html.erb within layouts/application (Duration: 0.1ms | Allocations: 7)
  Rendered shared/_navbar.html.erb (Duration: 0.4ms | Allocations: 113)
  Rendered layout layouts/application.html.erb (Duration: 6.9ms | Allocations: 2253)
Completed 200 OK in 9ms (Views: 8.5ms | ActiveRecord: 0.0ms | Allocations: 2589)


Started GET "/books" for ::1 at 2023-05-25 18:45:07 +0100
Processing by BooksController#index as HTML
  Rendering layout layouts/application.html.erb
  Rendering books/index.html.erb within layouts/application
  [1m[36mBook Load (0.4ms)[0m  [1m[34mSELECT "books".* FROM "books"[0m
  ↳ app/views/books/index.html.erb:6
  Rendered books/index.html.erb within layouts/application (Duration: 4.1ms | Allocations: 885)
  Rendered shared/_navbar.html.erb (Duration: 0.2ms | Allocations: 88)
  Rendered layout layouts/application.html.erb (Duration: 8.3ms | Allocations: 2694)
Completed 200 OK in 10ms (Views: 8.8ms | ActiveRecord: 0.4ms | Allocations: 3013)


Started GET "/" for ::1 at 2023-05-25 18:45:07 +0100
Processing by DashboardController#show as HTML
  Rendering layout layouts/application.html.erb
  Rendering dashboard/show.html.erb within layouts/application
  Rendered dashboard/show.html.erb within layouts/application (Duration: 0.0ms | Allocations: 7)
  Rendered shared/_navbar.html.erb (Duration: 0.3ms | Allocations: 102)
  Rendered layout layouts/application.html.erb (Duration: 5.1ms | Allocations: 2064)
Completed 200 OK in 7ms (Views: 6.9ms | ActiveRecord: 0.0ms | Allocations: 2360)


Started GET "/books" for ::1 at 2023-05-25 18:45:08 +0100
Processing by BooksController#index as HTML
  Rendering layout layouts/application.html.erb
  Rendering books/index.html.erb within layouts/application
  [1m[36mBook Load (0.6ms)[0m  [1m[34mSELECT "books".* FROM "books"[0m
  ↳ app/views/books/index.html.erb:6
  Rendered books/index.html.erb within layouts/application (Duration: 5.4ms | Allocations: 820)
  Rendered shared/_navbar.html.erb (Duration: 1.0ms | Allocations: 88)
  Rendered layout layouts/application.html.erb (Duration: 11.5ms | Allocations: 2629)
Completed 200 OK in 13ms (Views: 11.7ms | ActiveRecord: 0.6ms | Allocations: 2944)


Started GET "/" for ::1 at 2023-05-25 18:45:08 +0100
Processing by DashboardController#show as HTML
  Rendering layout layouts/application.html.erb
  Rendering dashboard/show.html.erb within layouts/application
  Rendered dashboard/show.html.erb within layouts/application (Duration: 0.1ms | Allocations: 7)
  Rendered shared/_navbar.html.erb (Duration: 0.5ms | Allocations: 102)
  Rendered layout layouts/application.html.erb (Duration: 7.3ms | Allocations: 2063)
Completed 200 OK in 9ms (Views: 8.4ms | ActiveRecord: 0.0ms | Allocations: 2357)


Started GET "/books" for ::1 at 2023-05-25 18:45:12 +0100
Processing by BooksController#index as HTML
  Rendering layout layouts/application.html.erb
  Rendering books/index.html.erb within layouts/application
  [1m[36mBook Load (0.6ms)[0m  [1m[34mSELECT "books".* FROM "books"[0m
  ↳ app/views/books/index.html.erb:6
  Rendered books/index.html.erb within layouts/application (Duration: 4.7ms | Allocations: 820)
  Rendered shared/_navbar.html.erb (Duration: 0.5ms | Allocations: 88)
  Rendered layout layouts/application.html.erb (Duration: 9.0ms | Allocations: 2627)
Completed 200 OK in 10ms (Views: 9.1ms | ActiveRecord: 0.6ms | Allocations: 2938)


Started GET "/books/new" for ::1 at 2023-05-25 18:45:14 +0100
Processing by BooksController#new as HTML
  Rendering layout layouts/application.html.erb
  Rendering books/new.html.erb within layouts/application
  Rendered books/_form.html.erb (Duration: 13.8ms | Allocations: 5147)
  Rendered books/new.html.erb within layouts/application (Duration: 14.8ms | Allocations: 5508)
  Rendered shared/_navbar.html.erb (Duration: 0.1ms | Allocations: 87)
  Rendered layout layouts/application.html.erb (Duration: 17.3ms | Allocations: 7432)
Completed 200 OK in 61ms (Views: 17.9ms | ActiveRecord: 12.0ms | Allocations: 26248)


Started GET "/books" for ::1 at 2023-05-25 18:45:15 +0100
Processing by BooksController#index as HTML
  Rendering layout layouts/application.html.erb
  Rendering books/index.html.erb within layouts/application
  [1m[36mBook Load (0.6ms)[0m  [1m[34mSELECT "books".* FROM "books"[0m
  ↳ app/views/books/index.html.erb:6
  Rendered books/index.html.erb within layouts/application (Duration: 6.1ms | Allocations: 872)
  Rendered shared/_navbar.html.erb (Duration: 0.4ms | Allocations: 88)
  Rendered layout layouts/application.html.erb (Duration: 12.2ms | Allocations: 2680)
Completed 200 OK in 14ms (Views: 12.6ms | ActiveRecord: 0.6ms | Allocations: 3022)


Started GET "/" for ::1 at 2023-05-25 18:45:17 +0100
Processing by DashboardController#show as HTML
  Rendering layout layouts/application.html.erb
  Rendering dashboard/show.html.erb within layouts/application
  Rendered dashboard/show.html.erb within layouts/application (Duration: 0.0ms | Allocations: 7)
  Rendered shared/_navbar.html.erb (Duration: 0.3ms | Allocations: 102)
  Rendered layout layouts/application.html.erb (Duration: 5.2ms | Allocations: 2063)
Completed 200 OK in 6ms (Views: 5.8ms | ActiveRecord: 0.0ms | Allocations: 2357)


Started GET "/books" for ::1 at 2023-05-25 18:45:17 +0100
Processing by BooksController#index as HTML
  Rendering layout layouts/application.html.erb
  Rendering books/index.html.erb within layouts/application
  [1m[36mBook Load (0.5ms)[0m  [1m[34mSELECT "books".* FROM "books"[0m
  ↳ app/views/books/index.html.erb:6
  Rendered books/index.html.erb within layouts/application (Duration: 3.5ms | Allocations: 813)
  Rendered shared/_navbar.html.erb (Duration: 0.4ms | Allocations: 88)
  Rendered layout layouts/application.html.erb (Duration: 7.9ms | Allocations: 2620)
Completed 200 OK in 9ms (Views: 8.0ms | ActiveRecord: 0.5ms | Allocations: 2927)


Started GET "/" for ::1 at 2023-05-25 18:47:41 +0100
Processing by DashboardController#show as HTML
  Rendering layout layouts/application.html.erb
  Rendering dashboard/show.html.erb within layouts/application
  Rendered dashboard/show.html.erb within layouts/application (Duration: 0.1ms | Allocations: 7)
  Rendered shared/_navbar.html.erb (Duration: 0.5ms | Allocations: 102)
  Rendered layout layouts/application.html.erb (Duration: 5.7ms | Allocations: 2063)
Completed 200 OK in 7ms (Views: 6.5ms | ActiveRecord: 0.0ms | Allocations: 2357)


Started GET "/books" for ::1 at 2023-05-25 18:47:48 +0100
Processing by BooksController#index as HTML
  Rendering layout layouts/application.html.erb
  Rendering books/index.html.erb within layouts/application
  [1m[36mBook Load (0.5ms)[0m  [1m[34mSELECT "books".* FROM "books"[0m
  ↳ app/views/books/index.html.erb:6
  Rendered books/index.html.erb within layouts/application (Duration: 11.6ms | Allocations: 814)
  Rendered shared/_navbar.html.erb (Duration: 0.2ms | Allocations: 88)
  Rendered layout layouts/application.html.erb (Duration: 24.8ms | Allocations: 2621)
Completed 200 OK in 30ms (Views: 29.4ms | ActiveRecord: 0.5ms | Allocations: 2928)


